{
  "uid" : "50ebcc82f38992ab",
  "name" : "Добавление нового пользователя",
  "fullName" : "tests.test_main_page#test_add_new_user",
  "historyId" : "4284e047d9212dfd146b0a0bd014e1ca",
  "time" : {
    "start" : 1623689291955,
    "stop" : 1623689298557,
    "duration" : 6602
  },
  "description" : "Тест проверяет возможность добавить нового пользователя",
  "descriptionHtml" : "<p>Тест проверяет возможность добавить нового пользователя</p>\n",
  "status" : "broken",
  "statusMessage" : "selenium.common.exceptions.NoSuchElementException: Message: no such element: Unable to locate element: {\"method\":\"link text\",\"selector\":\"Continue\"}\n  (Session info: chrome=91.0.4472.101)",
  "statusTrace" : "browser = <selenium.webdriver.support.event_firing_webdriver.EventFiringWebDriver object at 0x7f1c980e96d0>\n\n    @allure.parent_suite(\"Проверка тестового магазина opencart\")\n    @allure.suite(\"Тесты главной страницы\")\n    @allure.epic(\"Проверка магазина на opencart\")\n    @allure.feature(\"Проверка главной страницы\")\n    @allure.title(\"Добавление нового пользователя\")\n    @allure.description(\"\"\"Тест проверяет возможность добавить нового пользователя\"\"\")\n    @allure.severity(allure.severity_level.CRITICAL)\n    def test_add_new_user(browser):\n        main_page = MainPage(browser).open()\n        allure.attach.file(source='screenshots/add_user.png', attachment_type=allure.attachment_type.PNG)\n        main_page.click_add_user()\n        main_page.fill_register_form('Ivan15', 'Ivanov15', 'test15@ya.ru', '+79000551135', 'test')\n>       main_page.click_agree_and_continue()\n\ntest_main_page.py:46: \n_ _ _ _ _ _ _ _ _ _ _ _ _ _ _ _ _ _ _ _ _ _ _ _ _ _ _ _ _ _ _ _ _ _ _ _ _ _ _ _ \n../page_objects/MainPage.py:53: in click_agree_and_continue\n    self.browser.find_element_by_link_text('Continue').click()\n../venv/lib/python3.8/site-packages/selenium/webdriver/support/event_firing_webdriver.py:119: in find_element_by_link_text\n    return self.find_element(by=By.LINK_TEXT, value=link_text)\n../venv/lib/python3.8/site-packages/selenium/webdriver/support/event_firing_webdriver.py:101: in find_element\n    return self._dispatch(\"find\", (by, value, self._driver), \"find_element\", (by, value))\n../venv/lib/python3.8/site-packages/selenium/webdriver/support/event_firing_webdriver.py:160: in _dispatch\n    raise e\n../venv/lib/python3.8/site-packages/selenium/webdriver/support/event_firing_webdriver.py:157: in _dispatch\n    result = getattr(self._driver, d_call)(*d_args)\n../venv/lib/python3.8/site-packages/selenium/webdriver/remote/webdriver.py:964: in find_element\n    return self.execute(Command.FIND_ELEMENT, {\n../venv/lib/python3.8/site-packages/selenium/webdriver/remote/webdriver.py:320: in execute\n    self.error_handler.check_response(response)\n_ _ _ _ _ _ _ _ _ _ _ _ _ _ _ _ _ _ _ _ _ _ _ _ _ _ _ _ _ _ _ _ _ _ _ _ _ _ _ _ \n\nself = <selenium.webdriver.remote.errorhandler.ErrorHandler object at 0x7f1c980e9640>\nresponse = {'status': 404, 'value': '{\"value\":{\"error\":\"no such element\",\"message\":\"no such element: Unable to locate element: {\\...or\\\\\":\\\\\"Continue\\\\\"}\\\\n  (Session info: chrome=91.0.4472.101)\",\"stacktrace\":\"#0 0x55f52403be89 \\\\u003Cunknown>\\\\n\"}}'}\n\n    def check_response(self, response):\n        \"\"\"\n        Checks that a JSON response from the WebDriver does not have an error.\n    \n        :Args:\n         - response - The JSON response from the WebDriver server as a dictionary\n           object.\n    \n        :Raises: If the response contains an error message.\n        \"\"\"\n        status = response.get('status', None)\n        if status is None or status == ErrorCode.SUCCESS:\n            return\n        value = None\n        message = response.get(\"message\", \"\")\n        screen = response.get(\"screen\", \"\")\n        stacktrace = None\n        if isinstance(status, int):\n            value_json = response.get('value', None)\n            if value_json and isinstance(value_json, basestring):\n                import json\n                try:\n                    value = json.loads(value_json)\n                    if len(value.keys()) == 1:\n                        value = value['value']\n                    status = value.get('error', None)\n                    if status is None:\n                        status = value[\"status\"]\n                        message = value[\"value\"]\n                        if not isinstance(message, basestring):\n                            value = message\n                            message = message.get('message')\n                    else:\n                        message = value.get('message', None)\n                except ValueError:\n                    pass\n    \n        exception_class = ErrorInResponseException\n        if status in ErrorCode.NO_SUCH_ELEMENT:\n            exception_class = NoSuchElementException\n        elif status in ErrorCode.NO_SUCH_FRAME:\n            exception_class = NoSuchFrameException\n        elif status in ErrorCode.NO_SUCH_WINDOW:\n            exception_class = NoSuchWindowException\n        elif status in ErrorCode.STALE_ELEMENT_REFERENCE:\n            exception_class = StaleElementReferenceException\n        elif status in ErrorCode.ELEMENT_NOT_VISIBLE:\n            exception_class = ElementNotVisibleException\n        elif status in ErrorCode.INVALID_ELEMENT_STATE:\n            exception_class = InvalidElementStateException\n        elif status in ErrorCode.INVALID_SELECTOR \\\n                or status in ErrorCode.INVALID_XPATH_SELECTOR \\\n                or status in ErrorCode.INVALID_XPATH_SELECTOR_RETURN_TYPER:\n            exception_class = InvalidSelectorException\n        elif status in ErrorCode.ELEMENT_IS_NOT_SELECTABLE:\n            exception_class = ElementNotSelectableException\n        elif status in ErrorCode.ELEMENT_NOT_INTERACTABLE:\n            exception_class = ElementNotInteractableException\n        elif status in ErrorCode.INVALID_COOKIE_DOMAIN:\n            exception_class = InvalidCookieDomainException\n        elif status in ErrorCode.UNABLE_TO_SET_COOKIE:\n            exception_class = UnableToSetCookieException\n        elif status in ErrorCode.TIMEOUT:\n            exception_class = TimeoutException\n        elif status in ErrorCode.SCRIPT_TIMEOUT:\n            exception_class = TimeoutException\n        elif status in ErrorCode.UNKNOWN_ERROR:\n            exception_class = WebDriverException\n        elif status in ErrorCode.UNEXPECTED_ALERT_OPEN:\n            exception_class = UnexpectedAlertPresentException\n        elif status in ErrorCode.NO_ALERT_OPEN:\n            exception_class = NoAlertPresentException\n        elif status in ErrorCode.IME_NOT_AVAILABLE:\n            exception_class = ImeNotAvailableException\n        elif status in ErrorCode.IME_ENGINE_ACTIVATION_FAILED:\n            exception_class = ImeActivationFailedException\n        elif status in ErrorCode.MOVE_TARGET_OUT_OF_BOUNDS:\n            exception_class = MoveTargetOutOfBoundsException\n        elif status in ErrorCode.JAVASCRIPT_ERROR:\n            exception_class = JavascriptException\n        elif status in ErrorCode.SESSION_NOT_CREATED:\n            exception_class = SessionNotCreatedException\n        elif status in ErrorCode.INVALID_ARGUMENT:\n            exception_class = InvalidArgumentException\n        elif status in ErrorCode.NO_SUCH_COOKIE:\n            exception_class = NoSuchCookieException\n        elif status in ErrorCode.UNABLE_TO_CAPTURE_SCREEN:\n            exception_class = ScreenshotException\n        elif status in ErrorCode.ELEMENT_CLICK_INTERCEPTED:\n            exception_class = ElementClickInterceptedException\n        elif status in ErrorCode.INSECURE_CERTIFICATE:\n            exception_class = InsecureCertificateException\n        elif status in ErrorCode.INVALID_COORDINATES:\n            exception_class = InvalidCoordinatesException\n        elif status in ErrorCode.INVALID_SESSION_ID:\n            exception_class = InvalidSessionIdException\n        elif status in ErrorCode.UNKNOWN_METHOD:\n            exception_class = UnknownMethodException\n        else:\n            exception_class = WebDriverException\n        if value == '' or value is None:\n            value = response['value']\n        if isinstance(value, basestring):\n            if exception_class == ErrorInResponseException:\n                raise exception_class(response, value)\n            raise exception_class(value)\n        if message == \"\" and 'message' in value:\n            message = value['message']\n    \n        screen = None\n        if 'screen' in value:\n            screen = value['screen']\n    \n        stacktrace = None\n        if 'stackTrace' in value and value['stackTrace']:\n            stacktrace = []\n            try:\n                for frame in value['stackTrace']:\n                    line = self._value_or_default(frame, 'lineNumber', '')\n                    file = self._value_or_default(frame, 'fileName', '<anonymous>')\n                    if line:\n                        file = \"%s:%s\" % (file, line)\n                    meth = self._value_or_default(frame, 'methodName', '<anonymous>')\n                    if 'className' in frame:\n                        meth = \"%s.%s\" % (frame['className'], meth)\n                    msg = \"    at %s (%s)\"\n                    msg = msg % (meth, file)\n                    stacktrace.append(msg)\n            except TypeError:\n                pass\n        if exception_class == ErrorInResponseException:\n            raise exception_class(response, message)\n        elif exception_class == UnexpectedAlertPresentException:\n            alert_text = None\n            if 'data' in value:\n                alert_text = value['data'].get('text')\n            elif 'alert' in value:\n                alert_text = value['alert'].get('text')\n            raise exception_class(message, screen, stacktrace, alert_text)\n>       raise exception_class(message, screen, stacktrace)\nE       selenium.common.exceptions.NoSuchElementException: Message: no such element: Unable to locate element: {\"method\":\"link text\",\"selector\":\"Continue\"}\nE         (Session info: chrome=91.0.4472.101)\n\n../venv/lib/python3.8/site-packages/selenium/webdriver/remote/errorhandler.py:242: NoSuchElementException",
  "flaky" : false,
  "newFailed" : false,
  "beforeStages" : [ {
    "name" : "get_environment",
    "time" : {
      "start" : 1623689278539,
      "stop" : 1623689278539,
      "duration" : 0
    },
    "status" : "passed",
    "steps" : [ ],
    "attachments" : [ ],
    "parameters" : [ ],
    "stepsCount" : 0,
    "attachmentsCount" : 0,
    "shouldDisplayMessage" : false,
    "hasContent" : false
  }, {
    "name" : "pytestconfig",
    "time" : {
      "start" : 1623689278538,
      "stop" : 1623689278538,
      "duration" : 0
    },
    "status" : "passed",
    "steps" : [ ],
    "attachments" : [ ],
    "parameters" : [ ],
    "stepsCount" : 0,
    "attachmentsCount" : 0,
    "shouldDisplayMessage" : false,
    "hasContent" : false
  }, {
    "name" : "browser",
    "time" : {
      "start" : 1623689289884,
      "stop" : 1623689291951,
      "duration" : 2067
    },
    "status" : "passed",
    "steps" : [ ],
    "attachments" : [ ],
    "parameters" : [ ],
    "stepsCount" : 0,
    "attachmentsCount" : 0,
    "shouldDisplayMessage" : false,
    "hasContent" : false
  } ],
  "testStage" : {
    "description" : "Тест проверяет возможность добавить нового пользователя",
    "status" : "broken",
    "statusMessage" : "selenium.common.exceptions.NoSuchElementException: Message: no such element: Unable to locate element: {\"method\":\"link text\",\"selector\":\"Continue\"}\n  (Session info: chrome=91.0.4472.101)",
    "statusTrace" : "browser = <selenium.webdriver.support.event_firing_webdriver.EventFiringWebDriver object at 0x7f1c980e96d0>\n\n    @allure.parent_suite(\"Проверка тестового магазина opencart\")\n    @allure.suite(\"Тесты главной страницы\")\n    @allure.epic(\"Проверка магазина на opencart\")\n    @allure.feature(\"Проверка главной страницы\")\n    @allure.title(\"Добавление нового пользователя\")\n    @allure.description(\"\"\"Тест проверяет возможность добавить нового пользователя\"\"\")\n    @allure.severity(allure.severity_level.CRITICAL)\n    def test_add_new_user(browser):\n        main_page = MainPage(browser).open()\n        allure.attach.file(source='screenshots/add_user.png', attachment_type=allure.attachment_type.PNG)\n        main_page.click_add_user()\n        main_page.fill_register_form('Ivan15', 'Ivanov15', 'test15@ya.ru', '+79000551135', 'test')\n>       main_page.click_agree_and_continue()\n\ntest_main_page.py:46: \n_ _ _ _ _ _ _ _ _ _ _ _ _ _ _ _ _ _ _ _ _ _ _ _ _ _ _ _ _ _ _ _ _ _ _ _ _ _ _ _ \n../page_objects/MainPage.py:53: in click_agree_and_continue\n    self.browser.find_element_by_link_text('Continue').click()\n../venv/lib/python3.8/site-packages/selenium/webdriver/support/event_firing_webdriver.py:119: in find_element_by_link_text\n    return self.find_element(by=By.LINK_TEXT, value=link_text)\n../venv/lib/python3.8/site-packages/selenium/webdriver/support/event_firing_webdriver.py:101: in find_element\n    return self._dispatch(\"find\", (by, value, self._driver), \"find_element\", (by, value))\n../venv/lib/python3.8/site-packages/selenium/webdriver/support/event_firing_webdriver.py:160: in _dispatch\n    raise e\n../venv/lib/python3.8/site-packages/selenium/webdriver/support/event_firing_webdriver.py:157: in _dispatch\n    result = getattr(self._driver, d_call)(*d_args)\n../venv/lib/python3.8/site-packages/selenium/webdriver/remote/webdriver.py:964: in find_element\n    return self.execute(Command.FIND_ELEMENT, {\n../venv/lib/python3.8/site-packages/selenium/webdriver/remote/webdriver.py:320: in execute\n    self.error_handler.check_response(response)\n_ _ _ _ _ _ _ _ _ _ _ _ _ _ _ _ _ _ _ _ _ _ _ _ _ _ _ _ _ _ _ _ _ _ _ _ _ _ _ _ \n\nself = <selenium.webdriver.remote.errorhandler.ErrorHandler object at 0x7f1c980e9640>\nresponse = {'status': 404, 'value': '{\"value\":{\"error\":\"no such element\",\"message\":\"no such element: Unable to locate element: {\\...or\\\\\":\\\\\"Continue\\\\\"}\\\\n  (Session info: chrome=91.0.4472.101)\",\"stacktrace\":\"#0 0x55f52403be89 \\\\u003Cunknown>\\\\n\"}}'}\n\n    def check_response(self, response):\n        \"\"\"\n        Checks that a JSON response from the WebDriver does not have an error.\n    \n        :Args:\n         - response - The JSON response from the WebDriver server as a dictionary\n           object.\n    \n        :Raises: If the response contains an error message.\n        \"\"\"\n        status = response.get('status', None)\n        if status is None or status == ErrorCode.SUCCESS:\n            return\n        value = None\n        message = response.get(\"message\", \"\")\n        screen = response.get(\"screen\", \"\")\n        stacktrace = None\n        if isinstance(status, int):\n            value_json = response.get('value', None)\n            if value_json and isinstance(value_json, basestring):\n                import json\n                try:\n                    value = json.loads(value_json)\n                    if len(value.keys()) == 1:\n                        value = value['value']\n                    status = value.get('error', None)\n                    if status is None:\n                        status = value[\"status\"]\n                        message = value[\"value\"]\n                        if not isinstance(message, basestring):\n                            value = message\n                            message = message.get('message')\n                    else:\n                        message = value.get('message', None)\n                except ValueError:\n                    pass\n    \n        exception_class = ErrorInResponseException\n        if status in ErrorCode.NO_SUCH_ELEMENT:\n            exception_class = NoSuchElementException\n        elif status in ErrorCode.NO_SUCH_FRAME:\n            exception_class = NoSuchFrameException\n        elif status in ErrorCode.NO_SUCH_WINDOW:\n            exception_class = NoSuchWindowException\n        elif status in ErrorCode.STALE_ELEMENT_REFERENCE:\n            exception_class = StaleElementReferenceException\n        elif status in ErrorCode.ELEMENT_NOT_VISIBLE:\n            exception_class = ElementNotVisibleException\n        elif status in ErrorCode.INVALID_ELEMENT_STATE:\n            exception_class = InvalidElementStateException\n        elif status in ErrorCode.INVALID_SELECTOR \\\n                or status in ErrorCode.INVALID_XPATH_SELECTOR \\\n                or status in ErrorCode.INVALID_XPATH_SELECTOR_RETURN_TYPER:\n            exception_class = InvalidSelectorException\n        elif status in ErrorCode.ELEMENT_IS_NOT_SELECTABLE:\n            exception_class = ElementNotSelectableException\n        elif status in ErrorCode.ELEMENT_NOT_INTERACTABLE:\n            exception_class = ElementNotInteractableException\n        elif status in ErrorCode.INVALID_COOKIE_DOMAIN:\n            exception_class = InvalidCookieDomainException\n        elif status in ErrorCode.UNABLE_TO_SET_COOKIE:\n            exception_class = UnableToSetCookieException\n        elif status in ErrorCode.TIMEOUT:\n            exception_class = TimeoutException\n        elif status in ErrorCode.SCRIPT_TIMEOUT:\n            exception_class = TimeoutException\n        elif status in ErrorCode.UNKNOWN_ERROR:\n            exception_class = WebDriverException\n        elif status in ErrorCode.UNEXPECTED_ALERT_OPEN:\n            exception_class = UnexpectedAlertPresentException\n        elif status in ErrorCode.NO_ALERT_OPEN:\n            exception_class = NoAlertPresentException\n        elif status in ErrorCode.IME_NOT_AVAILABLE:\n            exception_class = ImeNotAvailableException\n        elif status in ErrorCode.IME_ENGINE_ACTIVATION_FAILED:\n            exception_class = ImeActivationFailedException\n        elif status in ErrorCode.MOVE_TARGET_OUT_OF_BOUNDS:\n            exception_class = MoveTargetOutOfBoundsException\n        elif status in ErrorCode.JAVASCRIPT_ERROR:\n            exception_class = JavascriptException\n        elif status in ErrorCode.SESSION_NOT_CREATED:\n            exception_class = SessionNotCreatedException\n        elif status in ErrorCode.INVALID_ARGUMENT:\n            exception_class = InvalidArgumentException\n        elif status in ErrorCode.NO_SUCH_COOKIE:\n            exception_class = NoSuchCookieException\n        elif status in ErrorCode.UNABLE_TO_CAPTURE_SCREEN:\n            exception_class = ScreenshotException\n        elif status in ErrorCode.ELEMENT_CLICK_INTERCEPTED:\n            exception_class = ElementClickInterceptedException\n        elif status in ErrorCode.INSECURE_CERTIFICATE:\n            exception_class = InsecureCertificateException\n        elif status in ErrorCode.INVALID_COORDINATES:\n            exception_class = InvalidCoordinatesException\n        elif status in ErrorCode.INVALID_SESSION_ID:\n            exception_class = InvalidSessionIdException\n        elif status in ErrorCode.UNKNOWN_METHOD:\n            exception_class = UnknownMethodException\n        else:\n            exception_class = WebDriverException\n        if value == '' or value is None:\n            value = response['value']\n        if isinstance(value, basestring):\n            if exception_class == ErrorInResponseException:\n                raise exception_class(response, value)\n            raise exception_class(value)\n        if message == \"\" and 'message' in value:\n            message = value['message']\n    \n        screen = None\n        if 'screen' in value:\n            screen = value['screen']\n    \n        stacktrace = None\n        if 'stackTrace' in value and value['stackTrace']:\n            stacktrace = []\n            try:\n                for frame in value['stackTrace']:\n                    line = self._value_or_default(frame, 'lineNumber', '')\n                    file = self._value_or_default(frame, 'fileName', '<anonymous>')\n                    if line:\n                        file = \"%s:%s\" % (file, line)\n                    meth = self._value_or_default(frame, 'methodName', '<anonymous>')\n                    if 'className' in frame:\n                        meth = \"%s.%s\" % (frame['className'], meth)\n                    msg = \"    at %s (%s)\"\n                    msg = msg % (meth, file)\n                    stacktrace.append(msg)\n            except TypeError:\n                pass\n        if exception_class == ErrorInResponseException:\n            raise exception_class(response, message)\n        elif exception_class == UnexpectedAlertPresentException:\n            alert_text = None\n            if 'data' in value:\n                alert_text = value['data'].get('text')\n            elif 'alert' in value:\n                alert_text = value['alert'].get('text')\n            raise exception_class(message, screen, stacktrace, alert_text)\n>       raise exception_class(message, screen, stacktrace)\nE       selenium.common.exceptions.NoSuchElementException: Message: no such element: Unable to locate element: {\"method\":\"link text\",\"selector\":\"Continue\"}\nE         (Session info: chrome=91.0.4472.101)\n\n../venv/lib/python3.8/site-packages/selenium/webdriver/remote/errorhandler.py:242: NoSuchElementException",
    "steps" : [ ],
    "attachments" : [ {
      "uid" : "f55c2573c4ee5d2c",
      "name" : "ea15a45e-1d45-48d0-a34a-6812e696d4e6-attachment.png",
      "source" : "f55c2573c4ee5d2c.png",
      "type" : "image/png",
      "size" : 105880
    }, {
      "uid" : "f163cd04bb09e74a",
      "name" : "log",
      "source" : "f163cd04bb09e74a.txt",
      "type" : "text/plain",
      "size" : 553
    } ],
    "parameters" : [ ],
    "stepsCount" : 0,
    "attachmentsCount" : 2,
    "shouldDisplayMessage" : true,
    "hasContent" : true
  },
  "afterStages" : [ {
    "name" : "browser::fin",
    "time" : {
      "start" : 1623689298795,
      "stop" : 1623689298867,
      "duration" : 72
    },
    "status" : "passed",
    "steps" : [ ],
    "attachments" : [ ],
    "parameters" : [ ],
    "stepsCount" : 0,
    "attachmentsCount" : 0,
    "shouldDisplayMessage" : false,
    "hasContent" : false
  } ],
  "labels" : [ {
    "name" : "feature",
    "value" : "Проверка главной страницы"
  }, {
    "name" : "epic",
    "value" : "Проверка магазина на opencart"
  }, {
    "name" : "severity",
    "value" : "critical"
  }, {
    "name" : "parentSuite",
    "value" : "Проверка тестового магазина opencart"
  }, {
    "name" : "suite",
    "value" : "Тесты главной страницы"
  }, {
    "name" : "host",
    "value" : "anton-Aspire-Z3-605"
  }, {
    "name" : "thread",
    "value" : "82219-MainThread"
  }, {
    "name" : "framework",
    "value" : "pytest"
  }, {
    "name" : "language",
    "value" : "cpython3"
  }, {
    "name" : "package",
    "value" : "tests.test_main_page"
  }, {
    "name" : "resultFormat",
    "value" : "allure2"
  } ],
  "parameters" : [ ],
  "links" : [ ],
  "hidden" : false,
  "retry" : false,
  "extra" : {
    "severity" : "critical",
    "retries" : [ {
      "uid" : "7299567211abe0f0",
      "status" : "broken",
      "statusDetails" : "selenium.common.exceptions.NoSuchElementException: Message: no such element: Unable to locate element: {\"method\":\"link text\",\"selector\":\"Continue\"}\n  (Session info: chrome=91.0.4472.101)",
      "time" : {
        "start" : 1623689111360,
        "stop" : 1623689119790,
        "duration" : 8430
      }
    }, {
      "uid" : "7f084173f4f2c4a9",
      "status" : "broken",
      "statusDetails" : "selenium.common.exceptions.NoSuchElementException: Message: no such element: Unable to locate element: {\"method\":\"link text\",\"selector\":\"Continue\"}\n  (Session info: chrome=91.0.4472.101)",
      "time" : {
        "start" : 1623686117821,
        "stop" : 1623686125884,
        "duration" : 8063
      }
    }, {
      "uid" : "16512e4e570a2e42",
      "status" : "broken",
      "statusDetails" : "selenium.common.exceptions.NoSuchElementException: Message: no such element: Unable to locate element: {\"method\":\"link text\",\"selector\":\"Continue\"}\n  (Session info: chrome=91.0.4472.101)",
      "time" : {
        "start" : 1623683237631,
        "stop" : 1623683246324,
        "duration" : 8693
      }
    }, {
      "uid" : "675a89ee068fc590",
      "status" : "broken",
      "statusDetails" : "selenium.common.exceptions.NoSuchElementException: Message: no such element: Unable to locate element: {\"method\":\"link text\",\"selector\":\"Continue\"}\n  (Session info: chrome=91.0.4472.101)",
      "time" : {
        "start" : 1623680007149,
        "stop" : 1623680015148,
        "duration" : 7999
      }
    }, {
      "uid" : "2104774d882fa847",
      "status" : "broken",
      "statusDetails" : "selenium.common.exceptions.NoSuchElementException: Message: no such element: Unable to locate element: {\"method\":\"link text\",\"selector\":\"Continue\"}\n  (Session info: chrome=91.0.4472.101)",
      "time" : {
        "start" : 1623672016911,
        "stop" : 1623672022275,
        "duration" : 5364
      }
    }, {
      "uid" : "cb543e7bae4b1ffd",
      "status" : "broken",
      "statusDetails" : "selenium.common.exceptions.NoSuchElementException: Message: no such element: Unable to locate element: {\"method\":\"link text\",\"selector\":\"Continue\"}\n  (Session info: chrome=91.0.4472.101)",
      "time" : {
        "start" : 1623671953056,
        "stop" : 1623671960266,
        "duration" : 7210
      }
    }, {
      "uid" : "eda7cd08760daee3",
      "status" : "broken",
      "statusDetails" : "selenium.common.exceptions.NoSuchElementException: Message: no such element: Unable to locate element: {\"method\":\"link text\",\"selector\":\"Continue\"}\n  (Session info: chrome=90.0.4430.72)",
      "time" : {
        "start" : 1623641407677,
        "stop" : 1623641412374,
        "duration" : 4697
      }
    }, {
      "uid" : "a2bc5abe8daca0f5",
      "status" : "broken",
      "statusDetails" : "selenium.common.exceptions.NoSuchElementException: Message: no such element: Unable to locate element: {\"method\":\"link text\",\"selector\":\"Continue\"}\n  (Session info: chrome=91.0.4472.101)",
      "time" : {
        "start" : 1623641267546,
        "stop" : 1623641274199,
        "duration" : 6653
      }
    }, {
      "uid" : "55610a1c31a290a8",
      "status" : "broken",
      "statusDetails" : "selenium.common.exceptions.NoSuchElementException: Message: no such element: Unable to locate element: {\"method\":\"link text\",\"selector\":\"Continue\"}\n  (Session info: headless chrome=91.0.4472.101)",
      "time" : {
        "start" : 1623641172192,
        "stop" : 1623641177302,
        "duration" : 5110
      }
    }, {
      "uid" : "e993adfd6d1d7b81",
      "status" : "broken",
      "statusDetails" : "selenium.common.exceptions.NoSuchElementException: Message: no such element: Unable to locate element: {\"method\":\"link text\",\"selector\":\"Continue\"}\n  (Session info: headless chrome=91.0.4472.101)",
      "time" : {
        "start" : 1623602236673,
        "stop" : 1623602240883,
        "duration" : 4210
      }
    }, {
      "uid" : "682fd1787f113fb7",
      "status" : "broken",
      "statusDetails" : "selenium.common.exceptions.NoSuchElementException: Message: no such element: Unable to locate element: {\"method\":\"link text\",\"selector\":\"Continue\"}\n  (Session info: headless chrome=91.0.4472.101)",
      "time" : {
        "start" : 1623601769867,
        "stop" : 1623601773820,
        "duration" : 3953
      }
    }, {
      "uid" : "cef1460d31e510d5",
      "status" : "broken",
      "statusDetails" : "selenium.common.exceptions.NoSuchElementException: Message: no such element: Unable to locate element: {\"method\":\"link text\",\"selector\":\"Continue\"}\n  (Session info: headless chrome=91.0.4472.101)",
      "time" : {
        "start" : 1623600952904,
        "stop" : 1623600957210,
        "duration" : 4306
      }
    }, {
      "uid" : "34cec1ff0c1f933",
      "status" : "broken",
      "statusDetails" : "selenium.common.exceptions.NoSuchElementException: Message: no such element: Unable to locate element: {\"method\":\"link text\",\"selector\":\"Continue\"}\n  (Session info: headless chrome=91.0.4472.101)",
      "time" : {
        "start" : 1623600881229,
        "stop" : 1623600884966,
        "duration" : 3737
      }
    }, {
      "uid" : "1b778ccc5b73126f",
      "status" : "broken",
      "statusDetails" : "selenium.common.exceptions.NoSuchElementException: Message: no such element: Unable to locate element: {\"method\":\"link text\",\"selector\":\"Continue\"}\n  (Session info: headless chrome=91.0.4472.101)",
      "time" : {
        "start" : 1623600805367,
        "stop" : 1623600808779,
        "duration" : 3412
      }
    }, {
      "uid" : "2cbbf42ace3d345b",
      "status" : "broken",
      "statusDetails" : "selenium.common.exceptions.NoSuchElementException: Message: no such element: Unable to locate element: {\"method\":\"link text\",\"selector\":\"Continue\"}\n  (Session info: chrome=91.0.4472.101)",
      "time" : {
        "start" : 1623600310794,
        "stop" : 1623600314811,
        "duration" : 4017
      }
    }, {
      "uid" : "fd1a15b9d83e5220",
      "status" : "broken",
      "statusDetails" : "selenium.common.exceptions.NoSuchElementException: Message: no such element: Unable to locate element: {\"method\":\"link text\",\"selector\":\"Continue\"}\n  (Session info: chrome=91.0.4472.101)",
      "time" : {
        "start" : 1623600248426,
        "stop" : 1623600252070,
        "duration" : 3644
      }
    }, {
      "uid" : "b45cca6d15ca04f0",
      "status" : "broken",
      "statusDetails" : "selenium.common.exceptions.NoSuchElementException: Message: no such element: Unable to locate element: {\"method\":\"link text\",\"selector\":\"Continue\"}\n  (Session info: chrome=91.0.4472.101)",
      "time" : {
        "start" : 1623600083715,
        "stop" : 1623600090540,
        "duration" : 6825
      }
    } ],
    "categories" : [ {
      "name" : "Test defects",
      "matchedStatuses" : [ ],
      "flaky" : false
    } ],
    "tags" : [ ]
  },
  "source" : "50ebcc82f38992ab.json",
  "parameterValues" : [ ]
}