{
  "uid" : "ba4dfe1ea63df495",
  "name" : "Добавление нового пользователя",
  "fullName" : "tests.test_main_page#test_add_new_user",
  "historyId" : "4284e047d9212dfd146b0a0bd014e1ca",
  "time" : {
    "start" : 1623596614482,
    "stop" : 1623596618285,
    "duration" : 3803
  },
  "description" : "Тест проверяет возможность добавить нового пользователя",
  "descriptionHtml" : "<p>Тест проверяет возможность добавить нового пользователя</p>\n",
  "status" : "broken",
  "statusMessage" : "selenium.common.exceptions.NoSuchElementException: Message: no such element: Unable to locate element: {\"method\":\"link text\",\"selector\":\"Continue\"}\n  (Session info: chrome=90.0.4430.72)",
  "statusTrace" : "browser = <selenium.webdriver.support.event_firing_webdriver.EventFiringWebDriver object at 0x7ff88859e340>\n\n    @allure.parent_suite(\"Проверка тестового магазина opencart\")\n    @allure.suite(\"Тесты главной страницы\")\n    @allure.epic(\"Проверка магазина на opencart\")\n    @allure.feature(\"Проверка главной страницы\")\n    @allure.title(\"Добавление нового пользователя\")\n    @allure.description(\"\"\"Тест проверяет возможность добавить нового пользователя\"\"\")\n    @allure.severity(allure.severity_level.CRITICAL)\n    def test_add_new_user(browser):\n        main_page = MainPage(browser).open()\n        allure.attach.file(source='screenshots/add_user.png', attachment_type=allure.attachment_type.PNG)\n        main_page.click_add_user()\n        main_page.fill_register_form('Ivan15', 'Ivanov15', 'test15@ya.ru', '+79000551135', 'test')\n>       main_page.click_agree_and_continue()\n\ntest_main_page.py:48: \n_ _ _ _ _ _ _ _ _ _ _ _ _ _ _ _ _ _ _ _ _ _ _ _ _ _ _ _ _ _ _ _ _ _ _ _ _ _ _ _ \n../page_objects/MainPage.py:53: in click_agree_and_continue\n    self.browser.find_element_by_link_text('Continue').click()\n../venv/lib/python3.8/site-packages/selenium/webdriver/support/event_firing_webdriver.py:119: in find_element_by_link_text\n    return self.find_element(by=By.LINK_TEXT, value=link_text)\n../venv/lib/python3.8/site-packages/selenium/webdriver/support/event_firing_webdriver.py:101: in find_element\n    return self._dispatch(\"find\", (by, value, self._driver), \"find_element\", (by, value))\n../venv/lib/python3.8/site-packages/selenium/webdriver/support/event_firing_webdriver.py:160: in _dispatch\n    raise e\n../venv/lib/python3.8/site-packages/selenium/webdriver/support/event_firing_webdriver.py:157: in _dispatch\n    result = getattr(self._driver, d_call)(*d_args)\n../venv/lib/python3.8/site-packages/selenium/webdriver/remote/webdriver.py:964: in find_element\n    return self.execute(Command.FIND_ELEMENT, {\n../venv/lib/python3.8/site-packages/selenium/webdriver/remote/webdriver.py:320: in execute\n    self.error_handler.check_response(response)\n_ _ _ _ _ _ _ _ _ _ _ _ _ _ _ _ _ _ _ _ _ _ _ _ _ _ _ _ _ _ _ _ _ _ _ _ _ _ _ _ \n\nself = <selenium.webdriver.remote.errorhandler.ErrorHandler object at 0x7ff888602c40>\nresponse = {'status': 404, 'value': '{\"value\":{\"error\":\"no such element\",\"message\":\"no such element: Unable to locate element: {\\...tor\\\\\":\\\\\"Continue\\\\\"}\\\\n  (Session info: chrome=90.0.4430.72)\",\"stacktrace\":\"#0 0x562331371e89 \\\\u003Cunknown>\\\\n\"}}'}\n\n    def check_response(self, response):\n        \"\"\"\n        Checks that a JSON response from the WebDriver does not have an error.\n    \n        :Args:\n         - response - The JSON response from the WebDriver server as a dictionary\n           object.\n    \n        :Raises: If the response contains an error message.\n        \"\"\"\n        status = response.get('status', None)\n        if status is None or status == ErrorCode.SUCCESS:\n            return\n        value = None\n        message = response.get(\"message\", \"\")\n        screen = response.get(\"screen\", \"\")\n        stacktrace = None\n        if isinstance(status, int):\n            value_json = response.get('value', None)\n            if value_json and isinstance(value_json, basestring):\n                import json\n                try:\n                    value = json.loads(value_json)\n                    if len(value.keys()) == 1:\n                        value = value['value']\n                    status = value.get('error', None)\n                    if status is None:\n                        status = value[\"status\"]\n                        message = value[\"value\"]\n                        if not isinstance(message, basestring):\n                            value = message\n                            message = message.get('message')\n                    else:\n                        message = value.get('message', None)\n                except ValueError:\n                    pass\n    \n        exception_class = ErrorInResponseException\n        if status in ErrorCode.NO_SUCH_ELEMENT:\n            exception_class = NoSuchElementException\n        elif status in ErrorCode.NO_SUCH_FRAME:\n            exception_class = NoSuchFrameException\n        elif status in ErrorCode.NO_SUCH_WINDOW:\n            exception_class = NoSuchWindowException\n        elif status in ErrorCode.STALE_ELEMENT_REFERENCE:\n            exception_class = StaleElementReferenceException\n        elif status in ErrorCode.ELEMENT_NOT_VISIBLE:\n            exception_class = ElementNotVisibleException\n        elif status in ErrorCode.INVALID_ELEMENT_STATE:\n            exception_class = InvalidElementStateException\n        elif status in ErrorCode.INVALID_SELECTOR \\\n                or status in ErrorCode.INVALID_XPATH_SELECTOR \\\n                or status in ErrorCode.INVALID_XPATH_SELECTOR_RETURN_TYPER:\n            exception_class = InvalidSelectorException\n        elif status in ErrorCode.ELEMENT_IS_NOT_SELECTABLE:\n            exception_class = ElementNotSelectableException\n        elif status in ErrorCode.ELEMENT_NOT_INTERACTABLE:\n            exception_class = ElementNotInteractableException\n        elif status in ErrorCode.INVALID_COOKIE_DOMAIN:\n            exception_class = InvalidCookieDomainException\n        elif status in ErrorCode.UNABLE_TO_SET_COOKIE:\n            exception_class = UnableToSetCookieException\n        elif status in ErrorCode.TIMEOUT:\n            exception_class = TimeoutException\n        elif status in ErrorCode.SCRIPT_TIMEOUT:\n            exception_class = TimeoutException\n        elif status in ErrorCode.UNKNOWN_ERROR:\n            exception_class = WebDriverException\n        elif status in ErrorCode.UNEXPECTED_ALERT_OPEN:\n            exception_class = UnexpectedAlertPresentException\n        elif status in ErrorCode.NO_ALERT_OPEN:\n            exception_class = NoAlertPresentException\n        elif status in ErrorCode.IME_NOT_AVAILABLE:\n            exception_class = ImeNotAvailableException\n        elif status in ErrorCode.IME_ENGINE_ACTIVATION_FAILED:\n            exception_class = ImeActivationFailedException\n        elif status in ErrorCode.MOVE_TARGET_OUT_OF_BOUNDS:\n            exception_class = MoveTargetOutOfBoundsException\n        elif status in ErrorCode.JAVASCRIPT_ERROR:\n            exception_class = JavascriptException\n        elif status in ErrorCode.SESSION_NOT_CREATED:\n            exception_class = SessionNotCreatedException\n        elif status in ErrorCode.INVALID_ARGUMENT:\n            exception_class = InvalidArgumentException\n        elif status in ErrorCode.NO_SUCH_COOKIE:\n            exception_class = NoSuchCookieException\n        elif status in ErrorCode.UNABLE_TO_CAPTURE_SCREEN:\n            exception_class = ScreenshotException\n        elif status in ErrorCode.ELEMENT_CLICK_INTERCEPTED:\n            exception_class = ElementClickInterceptedException\n        elif status in ErrorCode.INSECURE_CERTIFICATE:\n            exception_class = InsecureCertificateException\n        elif status in ErrorCode.INVALID_COORDINATES:\n            exception_class = InvalidCoordinatesException\n        elif status in ErrorCode.INVALID_SESSION_ID:\n            exception_class = InvalidSessionIdException\n        elif status in ErrorCode.UNKNOWN_METHOD:\n            exception_class = UnknownMethodException\n        else:\n            exception_class = WebDriverException\n        if value == '' or value is None:\n            value = response['value']\n        if isinstance(value, basestring):\n            if exception_class == ErrorInResponseException:\n                raise exception_class(response, value)\n            raise exception_class(value)\n        if message == \"\" and 'message' in value:\n            message = value['message']\n    \n        screen = None\n        if 'screen' in value:\n            screen = value['screen']\n    \n        stacktrace = None\n        if 'stackTrace' in value and value['stackTrace']:\n            stacktrace = []\n            try:\n                for frame in value['stackTrace']:\n                    line = self._value_or_default(frame, 'lineNumber', '')\n                    file = self._value_or_default(frame, 'fileName', '<anonymous>')\n                    if line:\n                        file = \"%s:%s\" % (file, line)\n                    meth = self._value_or_default(frame, 'methodName', '<anonymous>')\n                    if 'className' in frame:\n                        meth = \"%s.%s\" % (frame['className'], meth)\n                    msg = \"    at %s (%s)\"\n                    msg = msg % (meth, file)\n                    stacktrace.append(msg)\n            except TypeError:\n                pass\n        if exception_class == ErrorInResponseException:\n            raise exception_class(response, message)\n        elif exception_class == UnexpectedAlertPresentException:\n            alert_text = None\n            if 'data' in value:\n                alert_text = value['data'].get('text')\n            elif 'alert' in value:\n                alert_text = value['alert'].get('text')\n            raise exception_class(message, screen, stacktrace, alert_text)\n>       raise exception_class(message, screen, stacktrace)\nE       selenium.common.exceptions.NoSuchElementException: Message: no such element: Unable to locate element: {\"method\":\"link text\",\"selector\":\"Continue\"}\nE         (Session info: chrome=90.0.4430.72)\n\n../venv/lib/python3.8/site-packages/selenium/webdriver/remote/errorhandler.py:242: NoSuchElementException",
  "flaky" : false,
  "newFailed" : false,
  "beforeStages" : [ {
    "name" : "get_environment",
    "time" : {
      "start" : 1623596582440,
      "stop" : 1623596582440,
      "duration" : 0
    },
    "status" : "passed",
    "steps" : [ ],
    "attachments" : [ ],
    "parameters" : [ ],
    "stepsCount" : 0,
    "attachmentsCount" : 0,
    "shouldDisplayMessage" : false,
    "hasContent" : false
  }, {
    "name" : "pytestconfig",
    "time" : {
      "start" : 1623596582439,
      "stop" : 1623596582439,
      "duration" : 0
    },
    "status" : "passed",
    "steps" : [ ],
    "attachments" : [ ],
    "parameters" : [ ],
    "stepsCount" : 0,
    "attachmentsCount" : 0,
    "shouldDisplayMessage" : false,
    "hasContent" : false
  }, {
    "name" : "browser",
    "time" : {
      "start" : 1623596611913,
      "stop" : 1623596614480,
      "duration" : 2567
    },
    "status" : "passed",
    "steps" : [ ],
    "attachments" : [ ],
    "parameters" : [ ],
    "stepsCount" : 0,
    "attachmentsCount" : 0,
    "shouldDisplayMessage" : false,
    "hasContent" : false
  } ],
  "testStage" : {
    "description" : "Тест проверяет возможность добавить нового пользователя",
    "status" : "broken",
    "statusMessage" : "selenium.common.exceptions.NoSuchElementException: Message: no such element: Unable to locate element: {\"method\":\"link text\",\"selector\":\"Continue\"}\n  (Session info: chrome=90.0.4430.72)",
    "statusTrace" : "browser = <selenium.webdriver.support.event_firing_webdriver.EventFiringWebDriver object at 0x7ff88859e340>\n\n    @allure.parent_suite(\"Проверка тестового магазина opencart\")\n    @allure.suite(\"Тесты главной страницы\")\n    @allure.epic(\"Проверка магазина на opencart\")\n    @allure.feature(\"Проверка главной страницы\")\n    @allure.title(\"Добавление нового пользователя\")\n    @allure.description(\"\"\"Тест проверяет возможность добавить нового пользователя\"\"\")\n    @allure.severity(allure.severity_level.CRITICAL)\n    def test_add_new_user(browser):\n        main_page = MainPage(browser).open()\n        allure.attach.file(source='screenshots/add_user.png', attachment_type=allure.attachment_type.PNG)\n        main_page.click_add_user()\n        main_page.fill_register_form('Ivan15', 'Ivanov15', 'test15@ya.ru', '+79000551135', 'test')\n>       main_page.click_agree_and_continue()\n\ntest_main_page.py:48: \n_ _ _ _ _ _ _ _ _ _ _ _ _ _ _ _ _ _ _ _ _ _ _ _ _ _ _ _ _ _ _ _ _ _ _ _ _ _ _ _ \n../page_objects/MainPage.py:53: in click_agree_and_continue\n    self.browser.find_element_by_link_text('Continue').click()\n../venv/lib/python3.8/site-packages/selenium/webdriver/support/event_firing_webdriver.py:119: in find_element_by_link_text\n    return self.find_element(by=By.LINK_TEXT, value=link_text)\n../venv/lib/python3.8/site-packages/selenium/webdriver/support/event_firing_webdriver.py:101: in find_element\n    return self._dispatch(\"find\", (by, value, self._driver), \"find_element\", (by, value))\n../venv/lib/python3.8/site-packages/selenium/webdriver/support/event_firing_webdriver.py:160: in _dispatch\n    raise e\n../venv/lib/python3.8/site-packages/selenium/webdriver/support/event_firing_webdriver.py:157: in _dispatch\n    result = getattr(self._driver, d_call)(*d_args)\n../venv/lib/python3.8/site-packages/selenium/webdriver/remote/webdriver.py:964: in find_element\n    return self.execute(Command.FIND_ELEMENT, {\n../venv/lib/python3.8/site-packages/selenium/webdriver/remote/webdriver.py:320: in execute\n    self.error_handler.check_response(response)\n_ _ _ _ _ _ _ _ _ _ _ _ _ _ _ _ _ _ _ _ _ _ _ _ _ _ _ _ _ _ _ _ _ _ _ _ _ _ _ _ \n\nself = <selenium.webdriver.remote.errorhandler.ErrorHandler object at 0x7ff888602c40>\nresponse = {'status': 404, 'value': '{\"value\":{\"error\":\"no such element\",\"message\":\"no such element: Unable to locate element: {\\...tor\\\\\":\\\\\"Continue\\\\\"}\\\\n  (Session info: chrome=90.0.4430.72)\",\"stacktrace\":\"#0 0x562331371e89 \\\\u003Cunknown>\\\\n\"}}'}\n\n    def check_response(self, response):\n        \"\"\"\n        Checks that a JSON response from the WebDriver does not have an error.\n    \n        :Args:\n         - response - The JSON response from the WebDriver server as a dictionary\n           object.\n    \n        :Raises: If the response contains an error message.\n        \"\"\"\n        status = response.get('status', None)\n        if status is None or status == ErrorCode.SUCCESS:\n            return\n        value = None\n        message = response.get(\"message\", \"\")\n        screen = response.get(\"screen\", \"\")\n        stacktrace = None\n        if isinstance(status, int):\n            value_json = response.get('value', None)\n            if value_json and isinstance(value_json, basestring):\n                import json\n                try:\n                    value = json.loads(value_json)\n                    if len(value.keys()) == 1:\n                        value = value['value']\n                    status = value.get('error', None)\n                    if status is None:\n                        status = value[\"status\"]\n                        message = value[\"value\"]\n                        if not isinstance(message, basestring):\n                            value = message\n                            message = message.get('message')\n                    else:\n                        message = value.get('message', None)\n                except ValueError:\n                    pass\n    \n        exception_class = ErrorInResponseException\n        if status in ErrorCode.NO_SUCH_ELEMENT:\n            exception_class = NoSuchElementException\n        elif status in ErrorCode.NO_SUCH_FRAME:\n            exception_class = NoSuchFrameException\n        elif status in ErrorCode.NO_SUCH_WINDOW:\n            exception_class = NoSuchWindowException\n        elif status in ErrorCode.STALE_ELEMENT_REFERENCE:\n            exception_class = StaleElementReferenceException\n        elif status in ErrorCode.ELEMENT_NOT_VISIBLE:\n            exception_class = ElementNotVisibleException\n        elif status in ErrorCode.INVALID_ELEMENT_STATE:\n            exception_class = InvalidElementStateException\n        elif status in ErrorCode.INVALID_SELECTOR \\\n                or status in ErrorCode.INVALID_XPATH_SELECTOR \\\n                or status in ErrorCode.INVALID_XPATH_SELECTOR_RETURN_TYPER:\n            exception_class = InvalidSelectorException\n        elif status in ErrorCode.ELEMENT_IS_NOT_SELECTABLE:\n            exception_class = ElementNotSelectableException\n        elif status in ErrorCode.ELEMENT_NOT_INTERACTABLE:\n            exception_class = ElementNotInteractableException\n        elif status in ErrorCode.INVALID_COOKIE_DOMAIN:\n            exception_class = InvalidCookieDomainException\n        elif status in ErrorCode.UNABLE_TO_SET_COOKIE:\n            exception_class = UnableToSetCookieException\n        elif status in ErrorCode.TIMEOUT:\n            exception_class = TimeoutException\n        elif status in ErrorCode.SCRIPT_TIMEOUT:\n            exception_class = TimeoutException\n        elif status in ErrorCode.UNKNOWN_ERROR:\n            exception_class = WebDriverException\n        elif status in ErrorCode.UNEXPECTED_ALERT_OPEN:\n            exception_class = UnexpectedAlertPresentException\n        elif status in ErrorCode.NO_ALERT_OPEN:\n            exception_class = NoAlertPresentException\n        elif status in ErrorCode.IME_NOT_AVAILABLE:\n            exception_class = ImeNotAvailableException\n        elif status in ErrorCode.IME_ENGINE_ACTIVATION_FAILED:\n            exception_class = ImeActivationFailedException\n        elif status in ErrorCode.MOVE_TARGET_OUT_OF_BOUNDS:\n            exception_class = MoveTargetOutOfBoundsException\n        elif status in ErrorCode.JAVASCRIPT_ERROR:\n            exception_class = JavascriptException\n        elif status in ErrorCode.SESSION_NOT_CREATED:\n            exception_class = SessionNotCreatedException\n        elif status in ErrorCode.INVALID_ARGUMENT:\n            exception_class = InvalidArgumentException\n        elif status in ErrorCode.NO_SUCH_COOKIE:\n            exception_class = NoSuchCookieException\n        elif status in ErrorCode.UNABLE_TO_CAPTURE_SCREEN:\n            exception_class = ScreenshotException\n        elif status in ErrorCode.ELEMENT_CLICK_INTERCEPTED:\n            exception_class = ElementClickInterceptedException\n        elif status in ErrorCode.INSECURE_CERTIFICATE:\n            exception_class = InsecureCertificateException\n        elif status in ErrorCode.INVALID_COORDINATES:\n            exception_class = InvalidCoordinatesException\n        elif status in ErrorCode.INVALID_SESSION_ID:\n            exception_class = InvalidSessionIdException\n        elif status in ErrorCode.UNKNOWN_METHOD:\n            exception_class = UnknownMethodException\n        else:\n            exception_class = WebDriverException\n        if value == '' or value is None:\n            value = response['value']\n        if isinstance(value, basestring):\n            if exception_class == ErrorInResponseException:\n                raise exception_class(response, value)\n            raise exception_class(value)\n        if message == \"\" and 'message' in value:\n            message = value['message']\n    \n        screen = None\n        if 'screen' in value:\n            screen = value['screen']\n    \n        stacktrace = None\n        if 'stackTrace' in value and value['stackTrace']:\n            stacktrace = []\n            try:\n                for frame in value['stackTrace']:\n                    line = self._value_or_default(frame, 'lineNumber', '')\n                    file = self._value_or_default(frame, 'fileName', '<anonymous>')\n                    if line:\n                        file = \"%s:%s\" % (file, line)\n                    meth = self._value_or_default(frame, 'methodName', '<anonymous>')\n                    if 'className' in frame:\n                        meth = \"%s.%s\" % (frame['className'], meth)\n                    msg = \"    at %s (%s)\"\n                    msg = msg % (meth, file)\n                    stacktrace.append(msg)\n            except TypeError:\n                pass\n        if exception_class == ErrorInResponseException:\n            raise exception_class(response, message)\n        elif exception_class == UnexpectedAlertPresentException:\n            alert_text = None\n            if 'data' in value:\n                alert_text = value['data'].get('text')\n            elif 'alert' in value:\n                alert_text = value['alert'].get('text')\n            raise exception_class(message, screen, stacktrace, alert_text)\n>       raise exception_class(message, screen, stacktrace)\nE       selenium.common.exceptions.NoSuchElementException: Message: no such element: Unable to locate element: {\"method\":\"link text\",\"selector\":\"Continue\"}\nE         (Session info: chrome=90.0.4430.72)\n\n../venv/lib/python3.8/site-packages/selenium/webdriver/remote/errorhandler.py:242: NoSuchElementException",
    "steps" : [ ],
    "attachments" : [ {
      "uid" : "dcf274af3d058a79",
      "name" : "de6c52ed-b498-489e-90ce-c51fde6c240f-attachment.png",
      "source" : "dcf274af3d058a79.png",
      "type" : "image/png",
      "size" : 105880
    }, {
      "uid" : "a2e5ee904817d3e1",
      "name" : "log",
      "source" : "a2e5ee904817d3e1.txt",
      "type" : "text/plain",
      "size" : 552
    } ],
    "parameters" : [ ],
    "stepsCount" : 0,
    "attachmentsCount" : 2,
    "shouldDisplayMessage" : true,
    "hasContent" : true
  },
  "afterStages" : [ {
    "name" : "browser::end",
    "time" : {
      "start" : 1623596618434,
      "stop" : 1623596618488,
      "duration" : 54
    },
    "status" : "passed",
    "steps" : [ ],
    "attachments" : [ ],
    "parameters" : [ ],
    "stepsCount" : 0,
    "attachmentsCount" : 0,
    "shouldDisplayMessage" : false,
    "hasContent" : false
  } ],
  "labels" : [ {
    "name" : "epic",
    "value" : "Проверка магазина на opencart"
  }, {
    "name" : "suite",
    "value" : "Тесты главной страницы"
  }, {
    "name" : "severity",
    "value" : "critical"
  }, {
    "name" : "parentSuite",
    "value" : "Проверка тестового магазина opencart"
  }, {
    "name" : "feature",
    "value" : "Проверка главной страницы"
  }, {
    "name" : "host",
    "value" : "anton-Aspire-Z3-605"
  }, {
    "name" : "thread",
    "value" : "195464-MainThread"
  }, {
    "name" : "framework",
    "value" : "pytest"
  }, {
    "name" : "language",
    "value" : "cpython3"
  }, {
    "name" : "package",
    "value" : "tests.test_main_page"
  }, {
    "name" : "resultFormat",
    "value" : "allure2"
  } ],
  "parameters" : [ ],
  "links" : [ ],
  "hidden" : false,
  "retry" : false,
  "extra" : {
    "severity" : "critical",
    "retries" : [ {
      "uid" : "8270f08093252a48",
      "status" : "broken",
      "statusDetails" : "selenium.common.exceptions.NoSuchElementException: Message: no such element: Unable to locate element: {\"method\":\"link text\",\"selector\":\"Continue\"}\n  (Session info: chrome=89.0.4389.82)\n  (Driver info: operadriver=89.0.4389.82 (8d785cc4e2b89bff35f6a21710215271fb8fd782-refs/branch-heads/4389@{#1433}),platform=Linux 5.8.0-55-generic x86_64)",
      "time" : {
        "start" : 1623595768546,
        "stop" : 1623595772641,
        "duration" : 4095
      }
    }, {
      "uid" : "2ebf8088782ac8dc",
      "status" : "broken",
      "statusDetails" : "selenium.common.exceptions.NoSuchElementException: Message: no such element: Unable to locate element: {\"method\":\"link text\",\"selector\":\"Continue\"}\n  (Session info: chrome=90.0.4430.72)",
      "time" : {
        "start" : 1623595514085,
        "stop" : 1623595517875,
        "duration" : 3790
      }
    }, {
      "uid" : "c01af22cad515efc",
      "status" : "broken",
      "statusDetails" : "selenium.common.exceptions.WebDriverException: Message: Requested environment is not available",
      "time" : {
        "start" : 1623595456339,
        "stop" : 1623595456339,
        "duration" : 0
      }
    }, {
      "uid" : "c9712a1fcfb37b76",
      "status" : "broken",
      "statusDetails" : "selenium.common.exceptions.NoSuchElementException: Message: no such element: Unable to locate element: {\"method\":\"link text\",\"selector\":\"Continue\"}\n  (Session info: chrome=91.0.4472.77)\n  (Driver info: operadriver=90.0.4430.85 (5bc145d831c180d9ff94f29a0d7a2e1cbd30ef36-refs/branch-heads/4430@{#1311}),platform=Linux 5.8.0-55-generic x86_64)",
      "time" : {
        "start" : 1623595409812,
        "stop" : 1623595416777,
        "duration" : 6965
      }
    }, {
      "uid" : "930573610230c4c3",
      "status" : "broken",
      "statusDetails" : "selenium.common.exceptions.NoSuchElementException: Message: Unable to locate element: Continue",
      "time" : {
        "start" : 1623595286916,
        "stop" : 1623595290697,
        "duration" : 3781
      }
    }, {
      "uid" : "9ce635244c4e3f6c",
      "status" : "broken",
      "statusDetails" : "selenium.common.exceptions.NoSuchElementException: Message: no such element: Unable to locate element: {\"method\":\"link text\",\"selector\":\"Continue\"}\n  (Session info: chrome=91.0.4472.101)",
      "time" : {
        "start" : 1623595174993,
        "stop" : 1623595178691,
        "duration" : 3698
      }
    }, {
      "uid" : "6d19083b4cf6e27e",
      "status" : "broken",
      "statusDetails" : "selenium.common.exceptions.NoSuchElementException: Message: no such element: Unable to locate element: {\"method\":\"link text\",\"selector\":\"Continue\"}\n  (Session info: chrome=91.0.4472.101)",
      "time" : {
        "start" : 1623595091518,
        "stop" : 1623595095296,
        "duration" : 3778
      }
    }, {
      "uid" : "db1ca574667e9c4b",
      "status" : "broken",
      "statusDetails" : "selenium.common.exceptions.NoSuchElementException: Message: Unable to locate element: Continue",
      "time" : {
        "start" : 1623594954655,
        "stop" : 1623594958270,
        "duration" : 3615
      }
    }, {
      "uid" : "71dd9a557c2bc21b",
      "status" : "broken",
      "statusDetails" : "ValueError: driver not supported: firefox",
      "time" : {
        "start" : 1623594668855,
        "stop" : 1623594668855,
        "duration" : 0
      }
    }, {
      "uid" : "6ec682bcc17cf177",
      "status" : "broken",
      "statusDetails" : "ValueError: driver not supported: firefox",
      "time" : {
        "start" : 1623594615472,
        "stop" : 1623594615472,
        "duration" : 0
      }
    }, {
      "uid" : "912fdd1c8b258e73",
      "status" : "broken",
      "statusDetails" : "selenium.common.exceptions.NoSuchElementException: Message: no such element: Unable to locate element: {\"method\":\"link text\",\"selector\":\"Continue\"}\n  (Session info: chrome=91.0.4472.77)\n  (Driver info: operadriver=90.0.4430.85 (5bc145d831c180d9ff94f29a0d7a2e1cbd30ef36-refs/branch-heads/4430@{#1311}),platform=Linux 5.8.0-55-generic x86_64)",
      "time" : {
        "start" : 1623594580864,
        "stop" : 1623594587022,
        "duration" : 6158
      }
    }, {
      "uid" : "7a6bdc1e7fa44469",
      "status" : "broken",
      "statusDetails" : "selenium.common.exceptions.NoSuchElementException: Message: no such element: Unable to locate element: {\"method\":\"link text\",\"selector\":\"Continue\"}\n  (Session info: chrome=90.0.4430.72)",
      "time" : {
        "start" : 1623594020579,
        "stop" : 1623594024471,
        "duration" : 3892
      }
    }, {
      "uid" : "3a02ab525fa45c13",
      "status" : "broken",
      "statusDetails" : "selenium.common.exceptions.NoSuchElementException: Message: no such element: Unable to locate element: {\"method\":\"link text\",\"selector\":\"Continue\"}\n  (Session info: chrome=90.0.4430.72)",
      "time" : {
        "start" : 1623593935184,
        "stop" : 1623593940165,
        "duration" : 4981
      }
    }, {
      "uid" : "bae40efe0a3f0029",
      "status" : "broken",
      "statusDetails" : "selenium.common.exceptions.NoSuchElementException: Message: no such element: Unable to locate element: {\"method\":\"link text\",\"selector\":\"Continue\"}\n  (Session info: chrome=90.0.4430.72)",
      "time" : {
        "start" : 1623593871726,
        "stop" : 1623593877144,
        "duration" : 5418
      }
    }, {
      "uid" : "87042ddeb2d7e67f",
      "status" : "broken",
      "statusDetails" : "selenium.common.exceptions.NoSuchElementException: Message: no such element: Unable to locate element: {\"method\":\"link text\",\"selector\":\"Continue\"}\n  (Session info: chrome=90.0.4430.72)",
      "time" : {
        "start" : 1623593302195,
        "stop" : 1623593305987,
        "duration" : 3792
      }
    }, {
      "uid" : "dc8b60c50e240c8b",
      "status" : "broken",
      "statusDetails" : "AttributeError: 'Options' object has no attribute 'binary'",
      "time" : {
        "start" : 1623592740109,
        "stop" : 1623592740109,
        "duration" : 0
      }
    }, {
      "uid" : "93dc1772b3212876",
      "status" : "broken",
      "statusDetails" : "AttributeError: 'Options' object has no attribute 'binary'",
      "time" : {
        "start" : 1623592674965,
        "stop" : 1623592674965,
        "duration" : 0
      }
    }, {
      "uid" : "8b2ceaae998dcc4e",
      "status" : "broken",
      "statusDetails" : "AttributeError: 'Options' object has no attribute 'binary'",
      "time" : {
        "start" : 1623592532234,
        "stop" : 1623592532234,
        "duration" : 0
      }
    }, {
      "uid" : "8904d12b0148ba7",
      "status" : "broken",
      "statusDetails" : "TypeError: __init__() takes 1 positional argument but 2 were given",
      "time" : {
        "start" : 1623592318640,
        "stop" : 1623592318640,
        "duration" : 0
      }
    }, {
      "uid" : "2aa54b9efe55280d",
      "status" : "broken",
      "statusDetails" : "selenium.common.exceptions.WebDriverException: Message: A WebDriver instance must be supplied",
      "time" : {
        "start" : 1623591971098,
        "stop" : 1623591971098,
        "duration" : 0
      }
    }, {
      "uid" : "c2b65589e94f58ed",
      "status" : "broken",
      "statusDetails" : "selenium.common.exceptions.NoSuchElementException: Message: no such element: Unable to locate element: {\"method\":\"link text\",\"selector\":\"Continue\"}\n  (Session info: chrome=90.0.4430.72)",
      "time" : {
        "start" : 1623591534011,
        "stop" : 1623591537689,
        "duration" : 3678
      }
    }, {
      "uid" : "e0495aef6b378e38",
      "status" : "broken",
      "statusDetails" : "selenium.common.exceptions.NoSuchElementException: Message: no such element: Unable to locate element: {\"method\":\"link text\",\"selector\":\"Continue\"}\n  (Session info: chrome=90.0.4430.72)",
      "time" : {
        "start" : 1623590196924,
        "stop" : 1623590200693,
        "duration" : 3769
      }
    } ],
    "categories" : [ {
      "name" : "Test defects",
      "matchedStatuses" : [ ],
      "flaky" : false
    } ],
    "tags" : [ ]
  },
  "source" : "ba4dfe1ea63df495.json",
  "parameterValues" : [ ]
}